{
  "RSpec": {
    "coverage": {
      "/Users/hunzala/Office/interview_projects/points_transaction_processing/app/jobs/process_transactions_batch_job.rb": {
        "lines": [
          null,
          null,
          1,
          1,
          null,
          1,
          1,
          null,
          null
        ]
      },
      "/Users/hunzala/Office/interview_projects/points_transaction_processing/app/models/transaction.rb": {
        "lines": [
          null,
          null,
          1,
          1,
          null,
          1,
          1,
          1,
          null,
          1,
          3,
          null,
          null
        ]
      },
      "/Users/hunzala/Office/interview_projects/points_transaction_processing/app/models/application_record.rb": {
        "lines": [
          null,
          null,
          1,
          1,
          null
        ]
      },
      "/Users/hunzala/Office/interview_projects/points_transaction_processing/app/controllers/api/v1/transactions_controller.rb": {
        "lines": [
          null,
          null,
          1,
          1,
          1,
          1,
          1,
          null,
          1,
          3,
          null,
          2,
          1,
          null,
          1,
          null,
          null,
          null,
          1,
          null,
          null,
          1,
          4,
          null,
          4,
          1,
          null,
          null,
          null,
          3,
          null,
          null,
          1,
          null,
          null,
          1,
          null,
          1,
          3,
          null,
          null,
          1,
          9,
          null,
          9,
          3012,
          null,
          null,
          null,
          null,
          null
        ]
      },
      "/Users/hunzala/Office/interview_projects/points_transaction_processing/app/controllers/api/api_controller.rb": {
        "lines": [
          null,
          null,
          1,
          1,
          null,
          null
        ]
      },
      "/Users/hunzala/Office/interview_projects/points_transaction_processing/app/controllers/application_controller.rb": {
        "lines": [
          null,
          null,
          1,
          null
        ]
      },
      "/Users/hunzala/Office/interview_projects/points_transaction_processing/app/lib/json_response.rb": {
        "lines": [
          null,
          null,
          1,
          1,
          null,
          7,
          null,
          null,
          7,
          null,
          null
        ]
      },
      "/Users/hunzala/Office/interview_projects/points_transaction_processing/app/controllers/concerns/transaction_processable.rb": {
        "lines": [
          null,
          null,
          null,
          1,
          1,
          null,
          1,
          1,
          null,
          1,
          1,
          1,
          10,
          null,
          1,
          null,
          null,
          null,
          1,
          3,
          2,
          1,
          null,
          1,
          null,
          null,
          null,
          null
        ]
      },
      "/Users/hunzala/Office/interview_projects/points_transaction_processing/app/services/transaction_processing_service.rb": {
        "lines": [
          null,
          null,
          1,
          1,
          4,
          4,
          4,
          null,
          null,
          1,
          2,
          2,
          null,
          null,
          2,
          null,
          null,
          1,
          2,
          2,
          2,
          3,
          null,
          null,
          null,
          null,
          1,
          null,
          1,
          3,
          2,
          null,
          1,
          1,
          null,
          null,
          null,
          1,
          2,
          4,
          null,
          null,
          null,
          1,
          3,
          3,
          null,
          null,
          1,
          3,
          null,
          6,
          2,
          4,
          4,
          4,
          1,
          null,
          null,
          null
        ]
      }
    },
    "timestamp": 1722338022
  }
}
